This is pdfTeX, Version 3.14159265-2.6-1.40.16 (MiKTeX 2.9) (preloaded format=pdflatex 2015.9.11)  23 SEP 2015 22:29
entering extended mode
**main.tex
(main.tex
LaTeX2e <2015/01/01> patch level 2
Babel <3.9m> and hyphenation patterns for 69 languages loaded.
("C:\Program Files (x86)\MiKTeX 2.9\tex\latex\base\report.cls"
Document Class: report 2014/09/29 v1.4h Standard LaTeX document class
("C:\Program Files (x86)\MiKTeX 2.9\tex\latex\base\size12.clo"
File: size12.clo 2014/09/29 v1.4h Standard LaTeX file (size option)
)
\c@part=\count79
\c@chapter=\count80
\c@section=\count81
\c@subsection=\count82
\c@subsubsection=\count83
\c@paragraph=\count84
\c@subparagraph=\count85
\c@figure=\count86
\c@table=\count87
\abovecaptionskip=\skip41
\belowcaptionskip=\skip42
\bibindent=\dimen102
)
("C:\Program Files (x86)\MiKTeX 2.9\tex\latex\base\inputenc.sty"
Package: inputenc 2015/03/17 v1.2c Input encoding file
\inpenc@prehook=\toks14
\inpenc@posthook=\toks15

("C:\Program Files (x86)\MiKTeX 2.9\tex\latex\base\utf8.def"
File: utf8.def 2015/06/27 v1.1n UTF-8 support for inputenc
Now handling font encoding OML ...
... no UTF-8 mapping file for font encoding OML
Now handling font encoding T1 ...
... processing UTF-8 mapping file for font encoding T1

("C:\Program Files (x86)\MiKTeX 2.9\tex\latex\base\t1enc.dfu"
File: t1enc.dfu 2015/06/27 v1.1n UTF-8 support for inputenc
   defining Unicode char U+00A1 (decimal 161)
   defining Unicode char U+00A3 (decimal 163)
   defining Unicode char U+00AB (decimal 171)
   defining Unicode char U+00BB (decimal 187)
   defining Unicode char U+00BF (decimal 191)
   defining Unicode char U+00C0 (decimal 192)
   defining Unicode char U+00C1 (decimal 193)
   defining Unicode char U+00C2 (decimal 194)
   defining Unicode char U+00C3 (decimal 195)
   defining Unicode char U+00C4 (decimal 196)
   defining Unicode char U+00C5 (decimal 197)
   defining Unicode char U+00C6 (decimal 198)
   defining Unicode char U+00C7 (decimal 199)
   defining Unicode char U+00C8 (decimal 200)
   defining Unicode char U+00C9 (decimal 201)
   defining Unicode char U+00CA (decimal 202)
   defining Unicode char U+00CB (decimal 203)
   defining Unicode char U+00CC (decimal 204)
   defining Unicode char U+00CD (decimal 205)
   defining Unicode char U+00CE (decimal 206)
   defining Unicode char U+00CF (decimal 207)
   defining Unicode char U+00D0 (decimal 208)
   defining Unicode char U+00D1 (decimal 209)
   defining Unicode char U+00D2 (decimal 210)
   defining Unicode char U+00D3 (decimal 211)
   defining Unicode char U+00D4 (decimal 212)
   defining Unicode char U+00D5 (decimal 213)
   defining Unicode char U+00D6 (decimal 214)
   defining Unicode char U+00D8 (decimal 216)
   defining Unicode char U+00D9 (decimal 217)
   defining Unicode char U+00DA (decimal 218)
   defining Unicode char U+00DB (decimal 219)
   defining Unicode char U+00DC (decimal 220)
   defining Unicode char U+00DD (decimal 221)
   defining Unicode char U+00DE (decimal 222)
   defining Unicode char U+00DF (decimal 223)
   defining Unicode char U+00E0 (decimal 224)
   defining Unicode char U+00E1 (decimal 225)
   defining Unicode char U+00E2 (decimal 226)
   defining Unicode char U+00E3 (decimal 227)
   defining Unicode char U+00E4 (decimal 228)
   defining Unicode char U+00E5 (decimal 229)
   defining Unicode char U+00E6 (decimal 230)
   defining Unicode char U+00E7 (decimal 231)
   defining Unicode char U+00E8 (decimal 232)
   defining Unicode char U+00E9 (decimal 233)
   defining Unicode char U+00EA (decimal 234)
   defining Unicode char U+00EB (decimal 235)
   defining Unicode char U+00EC (decimal 236)
   defining Unicode char U+00ED (decimal 237)
   defining Unicode char U+00EE (decimal 238)
   defining Unicode char U+00EF (decimal 239)
   defining Unicode char U+00F0 (decimal 240)
   defining Unicode char U+00F1 (decimal 241)
   defining Unicode char U+00F2 (decimal 242)
   defining Unicode char U+00F3 (decimal 243)
   defining Unicode char U+00F4 (decimal 244)
   defining Unicode char U+00F5 (decimal 245)
   defining Unicode char U+00F6 (decimal 246)
   defining Unicode char U+00F8 (decimal 248)
   defining Unicode char U+00F9 (decimal 249)
   defining Unicode char U+00FA (decimal 250)
   defining Unicode char U+00FB (decimal 251)
   defining Unicode char U+00FC (decimal 252)
   defining Unicode char U+00FD (decimal 253)
   defining Unicode char U+00FE (decimal 254)
   defining Unicode char U+00FF (decimal 255)
   defining Unicode char U+0102 (decimal 258)
   defining Unicode char U+0103 (decimal 259)
   defining Unicode char U+0104 (decimal 260)
   defining Unicode char U+0105 (decimal 261)
   defining Unicode char U+0106 (decimal 262)
   defining Unicode char U+0107 (decimal 263)
   defining Unicode char U+010C (decimal 268)
   defining Unicode char U+010D (decimal 269)
   defining Unicode char U+010E (decimal 270)
   defining Unicode char U+010F (decimal 271)
   defining Unicode char U+0110 (decimal 272)
   defining Unicode char U+0111 (decimal 273)
   defining Unicode char U+0118 (decimal 280)
   defining Unicode char U+0119 (decimal 281)
   defining Unicode char U+011A (decimal 282)
   defining Unicode char U+011B (decimal 283)
   defining Unicode char U+011E (decimal 286)
   defining Unicode char U+011F (decimal 287)
   defining Unicode char U+0130 (decimal 304)
   defining Unicode char U+0131 (decimal 305)
   defining Unicode char U+0132 (decimal 306)
   defining Unicode char U+0133 (decimal 307)
   defining Unicode char U+0139 (decimal 313)
   defining Unicode char U+013A (decimal 314)
   defining Unicode char U+013D (decimal 317)
   defining Unicode char U+013E (decimal 318)
   defining Unicode char U+0141 (decimal 321)
   defining Unicode char U+0142 (decimal 322)
   defining Unicode char U+0143 (decimal 323)
   defining Unicode char U+0144 (decimal 324)
   defining Unicode char U+0147 (decimal 327)
   defining Unicode char U+0148 (decimal 328)
   defining Unicode char U+014A (decimal 330)
   defining Unicode char U+014B (decimal 331)
   defining Unicode char U+0150 (decimal 336)
   defining Unicode char U+0151 (decimal 337)
   defining Unicode char U+0152 (decimal 338)
   defining Unicode char U+0153 (decimal 339)
   defining Unicode char U+0154 (decimal 340)
   defining Unicode char U+0155 (decimal 341)
   defining Unicode char U+0158 (decimal 344)
   defining Unicode char U+0159 (decimal 345)
   defining Unicode char U+015A (decimal 346)
   defining Unicode char U+015B (decimal 347)
   defining Unicode char U+015E (decimal 350)
   defining Unicode char U+015F (decimal 351)
   defining Unicode char U+0160 (decimal 352)
   defining Unicode char U+0161 (decimal 353)
   defining Unicode char U+0162 (decimal 354)
   defining Unicode char U+0163 (decimal 355)
   defining Unicode char U+0164 (decimal 356)
   defining Unicode char U+0165 (decimal 357)
   defining Unicode char U+016E (decimal 366)
   defining Unicode char U+016F (decimal 367)
   defining Unicode char U+0170 (decimal 368)
   defining Unicode char U+0171 (decimal 369)
   defining Unicode char U+0178 (decimal 376)
   defining Unicode char U+0179 (decimal 377)
   defining Unicode char U+017A (decimal 378)
   defining Unicode char U+017B (decimal 379)
   defining Unicode char U+017C (decimal 380)
   defining Unicode char U+017D (decimal 381)
   defining Unicode char U+017E (decimal 382)
   defining Unicode char U+200C (decimal 8204)
   defining Unicode char U+2013 (decimal 8211)
   defining Unicode char U+2014 (decimal 8212)
   defining Unicode char U+2018 (decimal 8216)
   defining Unicode char U+2019 (decimal 8217)
   defining Unicode char U+201A (decimal 8218)
   defining Unicode char U+201C (decimal 8220)
   defining Unicode char U+201D (decimal 8221)
   defining Unicode char U+201E (decimal 8222)
   defining Unicode char U+2030 (decimal 8240)
   defining Unicode char U+2031 (decimal 8241)
   defining Unicode char U+2039 (decimal 8249)
   defining Unicode char U+203A (decimal 8250)
   defining Unicode char U+2423 (decimal 9251)
)
Now handling font encoding OT1 ...
... processing UTF-8 mapping file for font encoding OT1

("C:\Program Files (x86)\MiKTeX 2.9\tex\latex\base\ot1enc.dfu"
File: ot1enc.dfu 2015/06/27 v1.1n UTF-8 support for inputenc
   defining Unicode char U+00A1 (decimal 161)
   defining Unicode char U+00A3 (decimal 163)
   defining Unicode char U+00B8 (decimal 184)
   defining Unicode char U+00BF (decimal 191)
   defining Unicode char U+00C5 (decimal 197)
   defining Unicode char U+00C6 (decimal 198)
   defining Unicode char U+00D8 (decimal 216)
   defining Unicode char U+00DF (decimal 223)
   defining Unicode char U+00E6 (decimal 230)
   defining Unicode char U+00EC (decimal 236)
   defining Unicode char U+00ED (decimal 237)
   defining Unicode char U+00EE (decimal 238)
   defining Unicode char U+00EF (decimal 239)
   defining Unicode char U+00F8 (decimal 248)
   defining Unicode char U+0131 (decimal 305)
   defining Unicode char U+0141 (decimal 321)
   defining Unicode char U+0142 (decimal 322)
   defining Unicode char U+0152 (decimal 338)
   defining Unicode char U+0153 (decimal 339)
   defining Unicode char U+2013 (decimal 8211)
   defining Unicode char U+2014 (decimal 8212)
   defining Unicode char U+2018 (decimal 8216)
   defining Unicode char U+2019 (decimal 8217)
   defining Unicode char U+201C (decimal 8220)
   defining Unicode char U+201D (decimal 8221)
)
Now handling font encoding OMS ...
... processing UTF-8 mapping file for font encoding OMS

("C:\Program Files (x86)\MiKTeX 2.9\tex\latex\base\omsenc.dfu"
File: omsenc.dfu 2015/06/27 v1.1n UTF-8 support for inputenc
   defining Unicode char U+00A7 (decimal 167)
   defining Unicode char U+00B6 (decimal 182)
   defining Unicode char U+00B7 (decimal 183)
   defining Unicode char U+2020 (decimal 8224)
   defining Unicode char U+2021 (decimal 8225)
   defining Unicode char U+2022 (decimal 8226)
)
Now handling font encoding OMX ...
... no UTF-8 mapping file for font encoding OMX
Now handling font encoding U ...
... no UTF-8 mapping file for font encoding U
   defining Unicode char U+00A9 (decimal 169)
   defining Unicode char U+00AA (decimal 170)
   defining Unicode char U+00AE (decimal 174)
   defining Unicode char U+00BA (decimal 186)
   defining Unicode char U+02C6 (decimal 710)
   defining Unicode char U+02DC (decimal 732)
   defining Unicode char U+200C (decimal 8204)
   defining Unicode char U+2026 (decimal 8230)
   defining Unicode char U+2122 (decimal 8482)
   defining Unicode char U+2423 (decimal 9251)
))
("C:\Program Files (x86)\MiKTeX 2.9\tex\latex\graphics\graphicx.sty"
Package: graphicx 2014/10/28 v1.0g Enhanced LaTeX Graphics (DPC,SPQR)

("C:\Program Files (x86)\MiKTeX 2.9\tex\latex\graphics\keyval.sty"
Package: keyval 2014/10/28 v1.15 key=value parser (DPC)
\KV@toks@=\toks16
)
("C:\Program Files (x86)\MiKTeX 2.9\tex\latex\graphics\graphics.sty"
Package: graphics 2014/10/28 v1.0p Standard LaTeX Graphics (DPC,SPQR)

("C:\Program Files (x86)\MiKTeX 2.9\tex\latex\graphics\trig.sty"
Package: trig 1999/03/16 v1.09 sin cos tan (DPC)
)
("C:\Program Files (x86)\MiKTeX 2.9\tex\latex\00miktex\graphics.cfg"
File: graphics.cfg 2007/01/18 v1.5 graphics configuration of teTeX/TeXLive
)
Package graphics Info: Driver file: pdftex.def on input line 94.

("C:\Program Files (x86)\MiKTeX 2.9\tex\latex\pdftex-def\pdftex.def"
File: pdftex.def 2011/05/27 v0.06d Graphics/color for pdfTeX

("C:\Program Files (x86)\MiKTeX 2.9\tex\generic\oberdiek\infwarerr.sty"
Package: infwarerr 2010/04/08 v1.3 Providing info/warning/error messages (HO)
)
("C:\Program Files (x86)\MiKTeX 2.9\tex\generic\oberdiek\ltxcmds.sty"
Package: ltxcmds 2011/11/09 v1.22 LaTeX kernel commands for general use (HO)
)
\Gread@gobject=\count88
))
\Gin@req@height=\dimen103
\Gin@req@width=\dimen104
)
("C:\Program Files (x86)\MiKTeX 2.9\tex\latex\hyperref\hyperref.sty"
Package: hyperref 2012/11/06 v6.83m Hypertext links for LaTeX

("C:\Program Files (x86)\MiKTeX 2.9\tex\generic\oberdiek\hobsub-hyperref.sty"
Package: hobsub-hyperref 2012/04/25 v1.12 Bundle oberdiek, subset hyperref (HO)


("C:\Program Files (x86)\MiKTeX 2.9\tex\generic\oberdiek\hobsub-generic.sty"
Package: hobsub-generic 2012/04/25 v1.12 Bundle oberdiek, subset generic (HO)
Package: hobsub 2012/04/25 v1.12 Construct package bundles (HO)
Package hobsub Info: Skipping package `infwarerr' (already loaded).
Package hobsub Info: Skipping package `ltxcmds' (already loaded).
Package: ifluatex 2010/03/01 v1.3 Provides the ifluatex switch (HO)
Package ifluatex Info: LuaTeX not detected.
Package: ifvtex 2010/03/01 v1.5 Detect VTeX and its facilities (HO)
Package ifvtex Info: VTeX not detected.
Package: intcalc 2007/09/27 v1.1 Expandable calculations with integers (HO)
Package: ifpdf 2011/01/30 v2.3 Provides the ifpdf switch (HO)
Package ifpdf Info: pdfTeX in PDF mode is detected.
Package: etexcmds 2011/02/16 v1.5 Avoid name clashes with e-TeX commands (HO)
Package etexcmds Info: Could not find \expanded.
(etexcmds)             That can mean that you are not using pdfTeX 1.50 or
(etexcmds)             that some package has redefined \expanded.
(etexcmds)             In the latter case, load this package earlier.
Package: kvsetkeys 2012/04/25 v1.16 Key value parser (HO)
Package: kvdefinekeys 2011/04/07 v1.3 Define keys (HO)
Package: pdftexcmds 2011/11/29 v0.20 Utility functions of pdfTeX for LuaTeX (HO
)
Package pdftexcmds Info: LuaTeX not detected.
Package pdftexcmds Info: \pdf@primitive is available.
Package pdftexcmds Info: \pdf@ifprimitive is available.
Package pdftexcmds Info: \pdfdraftmode found.
Package: pdfescape 2011/11/25 v1.13 Implements pdfTeX's escape features (HO)
Package: bigintcalc 2012/04/08 v1.3 Expandable calculations on big integers (HO
)
Package: bitset 2011/01/30 v1.1 Handle bit-vector datatype (HO)
Package: uniquecounter 2011/01/30 v1.2 Provide unlimited unique counter (HO)
)
Package hobsub Info: Skipping package `hobsub' (already loaded).
Package: letltxmacro 2010/09/02 v1.4 Let assignment for LaTeX macros (HO)
Package: hopatch 2011/06/24 v1.1 Wrapper for package hooks (HO)
Package: xcolor-patch 2011/01/30 xcolor patch
Package: atveryend 2011/06/30 v1.8 Hooks at the very end of document (HO)
Package atveryend Info: \enddocument detected (standard20110627).
Package: atbegshi 2011/10/05 v1.16 At begin shipout hook (HO)
Package: refcount 2011/10/16 v3.4 Data extraction from label references (HO)
Package: hycolor 2011/01/30 v1.7 Color options for hyperref/bookmark (HO)
)
("C:\Program Files (x86)\MiKTeX 2.9\tex\generic\ifxetex\ifxetex.sty"
Package: ifxetex 2010/09/12 v0.6 Provides ifxetex conditional
)
("C:\Program Files (x86)\MiKTeX 2.9\tex\latex\oberdiek\auxhook.sty"
Package: auxhook 2011/03/04 v1.3 Hooks for auxiliary files (HO)
)
("C:\Program Files (x86)\MiKTeX 2.9\tex\latex\oberdiek\kvoptions.sty"
Package: kvoptions 2011/06/30 v3.11 Key value format for package options (HO)
)
\@linkdim=\dimen105
\Hy@linkcounter=\count89
\Hy@pagecounter=\count90

("C:\Program Files (x86)\MiKTeX 2.9\tex\latex\hyperref\pd1enc.def"
File: pd1enc.def 2012/11/06 v6.83m Hyperref: PDFDocEncoding definition (HO)
Now handling font encoding PD1 ...
... no UTF-8 mapping file for font encoding PD1
)
\Hy@SavedSpaceFactor=\count91

("C:\Program Files (x86)\MiKTeX 2.9\tex\latex\00miktex\hyperref.cfg"
File: hyperref.cfg 2002/06/06 v1.2 hyperref configuration of TeXLive
)
Package hyperref Info: Hyper figures OFF on input line 4443.
Package hyperref Info: Link nesting OFF on input line 4448.
Package hyperref Info: Hyper index ON on input line 4451.
Package hyperref Info: Plain pages OFF on input line 4458.
Package hyperref Info: Backreferencing OFF on input line 4463.
Package hyperref Info: Implicit mode ON; LaTeX internals redefined.
Package hyperref Info: Bookmarks ON on input line 4688.
\c@Hy@tempcnt=\count92

("C:\Program Files (x86)\MiKTeX 2.9\tex\latex\url\url.sty"
\Urlmuskip=\muskip10
Package: url 2013/09/16  ver 3.4  Verb mode for urls, etc.
)
LaTeX Info: Redefining \url on input line 5041.
\XeTeXLinkMargin=\dimen106
\Fld@menulength=\count93
\Field@Width=\dimen107
\Fld@charsize=\dimen108
Package hyperref Info: Hyper figures OFF on input line 6295.
Package hyperref Info: Link nesting OFF on input line 6300.
Package hyperref Info: Hyper index ON on input line 6303.
Package hyperref Info: backreferencing OFF on input line 6310.
Package hyperref Info: Link coloring OFF on input line 6315.
Package hyperref Info: Link coloring with OCG OFF on input line 6320.
Package hyperref Info: PDF/A mode OFF on input line 6325.
LaTeX Info: Redefining \ref on input line 6365.
LaTeX Info: Redefining \pageref on input line 6369.
\Hy@abspage=\count94
\c@Item=\count95
\c@Hfootnote=\count96
)

Package hyperref Message: Driver (autodetected): hpdftex.

("C:\Program Files (x86)\MiKTeX 2.9\tex\latex\hyperref\hpdftex.def"
File: hpdftex.def 2012/11/06 v6.83m Hyperref driver for pdfTeX
\Fld@listcount=\count97
\c@bookmark@seq@number=\count98

("C:\Program Files (x86)\MiKTeX 2.9\tex\latex\oberdiek\rerunfilecheck.sty"
Package: rerunfilecheck 2011/04/15 v1.7 Rerun checks for auxiliary files (HO)
Package uniquecounter Info: New unique counter `rerunfilecheck' on input line 2
82.
)
\Hy@SectionHShift=\skip43
)
("C:\Program Files (x86)\MiKTeX 2.9\tex\latex\pdfpages\pdfpages.sty"
Package: pdfpages 2015/08/16 v0.5c Insert pages of external PDF documents (AM)

("C:\Program Files (x86)\MiKTeX 2.9\tex\latex\base\ifthen.sty"
Package: ifthen 2014/09/29 v1.1c Standard LaTeX ifthen package (DPC)
)
("C:\Program Files (x86)\MiKTeX 2.9\tex\latex\tools\calc.sty"
Package: calc 2014/10/28 v4.3 Infix arithmetic (KKT,FJ)
\calc@Acount=\count99
\calc@Bcount=\count100
\calc@Adimen=\dimen109
\calc@Bdimen=\dimen110
\calc@Askip=\skip44
\calc@Bskip=\skip45
LaTeX Info: Redefining \setlength on input line 80.
LaTeX Info: Redefining \addtolength on input line 81.
\calc@Ccount=\count101
\calc@Cskip=\skip46
)
("C:\Program Files (x86)\MiKTeX 2.9\tex\latex\eso-pic\eso-pic.sty"
Package: eso-pic 2015/07/21 v2.0g eso-pic (RN)

("C:\Program Files (x86)\MiKTeX 2.9\tex\latex\xcolor\xcolor.sty"
Package: xcolor 2007/01/21 v2.11 LaTeX color extensions (UK)

("C:\Program Files (x86)\MiKTeX 2.9\tex\latex\00miktex\color.cfg"
File: color.cfg 2007/01/18 v1.5 color configuration of teTeX/TeXLive
)
Package xcolor Info: Driver file: pdftex.def on input line 225.
Package xcolor Info: Model `cmy' substituted by `cmy0' on input line 1337.
Package xcolor Info: Model `hsb' substituted by `rgb' on input line 1341.
Package xcolor Info: Model `RGB' extended on input line 1353.
Package xcolor Info: Model `HTML' substituted by `rgb' on input line 1355.
Package xcolor Info: Model `Hsb' substituted by `hsb' on input line 1356.
Package xcolor Info: Model `tHsb' substituted by `hsb' on input line 1357.
Package xcolor Info: Model `HSB' substituted by `hsb' on input line 1358.
Package xcolor Info: Model `Gray' substituted by `gray' on input line 1359.
Package xcolor Info: Model `wave' substituted by `hsb' on input line 1360.
))
\AM@pagewidth=\dimen111
\AM@pageheight=\dimen112

("C:\Program Files (x86)\MiKTeX 2.9\tex\latex\pdfpages\pppdftex.def"
File: pppdftex.def 2015/08/16 v0.5c Pdfpages driver for pdfTeX (AM)
)
("C:\Program Files (x86)\MiKTeX 2.9\tex\latex\oberdiek\pdflscape.sty"
Package: pdflscape 2008/08/11 v0.10 Display of landscape pages in PDF (HO)

("C:\Program Files (x86)\MiKTeX 2.9\tex\latex\graphics\lscape.sty"
Package: lscape 2000/10/22 v3.01 Landscape Pages (DPC)
)
Package pdflscape Info: Auto-detected driver: pdftex on input line 80.
)
\AM@pagebox=\box26
\AM@toc@title=\toks17
\c@AM@survey=\count102
\AM@templatesizebox=\box27
)
("C:\Program Files (x86)\MiKTeX 2.9\tex\latex\listings\listings.sty"
\lst@mode=\count103
\lst@gtempboxa=\box28
\lst@token=\toks18
\lst@length=\count104
\lst@currlwidth=\dimen113
\lst@column=\count105
\lst@pos=\count106
\lst@lostspace=\dimen114
\lst@width=\dimen115
\lst@newlines=\count107
\lst@lineno=\count108
\lst@maxwidth=\dimen116

("C:\Program Files (x86)\MiKTeX 2.9\tex\latex\listings\lstmisc.sty"
File: lstmisc.sty 2015/06/04 1.6 (Carsten Heinz)
\c@lstnumber=\count109
\lst@skipnumbers=\count110
\lst@framebox=\box29
)
("C:\Program Files (x86)\MiKTeX 2.9\tex\latex\listings\listings.cfg"
File: listings.cfg 2015/06/04 1.6 listings configuration
))
Package: listings 2015/06/04 1.6 (Carsten Heinz)

("C:\Program Files (x86)\MiKTeX 2.9\tex\latex\base\makeidx.sty"
Package: makeidx 2014/09/29 v1.0m Standard LaTeX package
)
\@indexfile=\write3

Writing index file main.idx
(main.aux)
LaTeX Font Info:    Checking defaults for OML/cmm/m/it on input line 18.
LaTeX Font Info:    ... okay on input line 18.
LaTeX Font Info:    Checking defaults for T1/cmr/m/n on input line 18.
LaTeX Font Info:    ... okay on input line 18.
LaTeX Font Info:    Checking defaults for OT1/cmr/m/n on input line 18.
LaTeX Font Info:    ... okay on input line 18.
LaTeX Font Info:    Checking defaults for OMS/cmsy/m/n on input line 18.
LaTeX Font Info:    ... okay on input line 18.
LaTeX Font Info:    Checking defaults for OMX/cmex/m/n on input line 18.
LaTeX Font Info:    ... okay on input line 18.
LaTeX Font Info:    Checking defaults for U/cmr/m/n on input line 18.
LaTeX Font Info:    ... okay on input line 18.
LaTeX Font Info:    Checking defaults for PD1/pdf/m/n on input line 18.
LaTeX Font Info:    ... okay on input line 18.
 ("C:\Program Files (x86)\MiKTeX 2.9\tex\context\base\supp-pdf.mkii"
[Loading MPS to PDF converter (version 2006.09.02).]
\scratchcounter=\count111
\scratchdimen=\dimen117
\scratchbox=\box30
\nofMPsegments=\count112
\nofMParguments=\count113
\everyMPshowfont=\toks19
\MPscratchCnt=\count114
\MPscratchDim=\dimen118
\MPnumerator=\count115
\makeMPintoPDFobject=\count116
\everyMPtoPDFconversion=\toks20
)
\AtBeginShipoutBox=\box31
Package hyperref Info: Link coloring OFF on input line 18.
 ("C:\Program Files (x86)\MiKTeX 2.9\tex\latex\hyperref\nameref.sty"
Package: nameref 2012/10/27 v2.43 Cross-referencing by name of section

("C:\Program Files (x86)\MiKTeX 2.9\tex\generic\oberdiek\gettitlestring.sty"
Package: gettitlestring 2010/12/03 v1.4 Cleanup title references (HO)
)
\c@section@level=\count117
)
LaTeX Info: Redefining \ref on input line 18.
LaTeX Info: Redefining \pageref on input line 18.
LaTeX Info: Redefining \nameref on input line 18.

(main.out) (main.out)
\@outlinefile=\write4
\c@lstlisting=\count118
 <images/Feathering.png, id=599, 501.875pt x 501.875pt>
File: images/Feathering.png Graphic file (type png)

<use images/Feathering.png>
Package pdftex.def Info: images/Feathering.png used on input line 30.
(pdftex.def)             Requested size: 195.0pt x 195.00294pt.
LaTeX Font Info:    External font `cmex10' loaded for size
(Font)              <14.4> on input line 30.
LaTeX Font Info:    External font `cmex10' loaded for size
(Font)              <7> on input line 30.
 [1

{C:/Users/John Board/AppData/Local/MiKTeX/2.9/pdftex/config/pdftex.map} <./imag
es/Feathering.png>]pdfTeX warning (ext4): destination with the same identifier 
(name{page.1}) has been already used, duplicate ignored
<to be read again> 
                   \relax 
l.36 
      [1] (abstract.tex
Underfull \hbox (badness 10000) in paragraph at lines 3--4

 []


Underfull \hbox (badness 10000) in paragraph at lines 5--6

 []


LaTeX Warning: Hyper reference `index' on page i undefined on input line 7.


Underfull \hbox (badness 10000) in paragraph at lines 7--8

 []


Underfull \hbox (badness 10000) in paragraph at lines 10--11

 []

) [1

] (acknowledgements.tex
Underfull \hbox (badness 10000) in paragraph at lines 3--4

 []

)
Underfull \hbox (badness 10000) in paragraph at lines 5--49

 []

[2

] (main.toc
LaTeX Font Info:    External font `cmex10' loaded for size
(Font)              <12> on input line 4.
LaTeX Font Info:    External font `cmex10' loaded for size
(Font)              <8> on input line 4.
LaTeX Font Info:    External font `cmex10' loaded for size
(Font)              <6> on input line 4.
 [3

] [4] [5] [6] [7])
\tf@toc=\write5
 [8] (introduction.tex

Package hyperref Warning: Difference (2) between bookmark levels is greater 
(hyperref)                than one, level fixed on input line 8.


Package hyperref Warning: Difference (2) between bookmark levels is greater 
(hyperref)                than one, level fixed on input line 13.


Underfull \hbox (badness 10000) in paragraph at lines 17--18

 []


Underfull \hbox (badness 10000) in paragraph at lines 19--20

 []


Underfull \hbox (badness 10000) in paragraph at lines 22--23

 []


Underfull \hbox (badness 10000) in paragraph at lines 24--25

 []

[9

]
Underfull \hbox (badness 10000) in paragraph at lines 27--28

 []


Underfull \hbox (badness 10000) in paragraph at lines 29--30

 []


Underfull \hbox (badness 10000) in paragraph at lines 31--32

 []


Overfull \hbox (47.52502pt too wide) in paragraph at lines 33--34
[][]$\OT1/cmtt/m/n/12 http : / / linnode . johnrobboard . com / wiki / index . 
php / Special : RecentChanges$[] 
 []


Underfull \hbox (badness 10000) in paragraph at lines 33--34

 []


Underfull \hbox (badness 10000) in paragraph at lines 39--40

 []


Underfull \hbox (badness 10000) in paragraph at lines 45--46

 []

[10]
Underfull \hbox (badness 10000) in paragraph at lines 47--48

 []


Underfull \hbox (badness 10000) in paragraph at lines 52--53

 []


Underfull \hbox (badness 10000) in paragraph at lines 54--55

 []


Underfull \hbox (badness 10000) in paragraph at lines 56--57

 []


Underfull \hbox (badness 10000) in paragraph at lines 60--61

 []


Underfull \hbox (badness 10000) in paragraph at lines 64--65

 []


LaTeX Warning: Hyper reference `index' on page xi undefined on input line 67.


Underfull \hbox (badness 10000) in paragraph at lines 67--68

 []

[11]

LaTeX Warning: Hyper reference `index' on page xii undefined on input line 69.


LaTeX Warning: Hyper reference `index' on page xii undefined on input line 71.


LaTeX Warning: Hyper reference `index' on page xii undefined on input line 71.


Underfull \hbox (badness 10000) in paragraph at lines 71--72

 []


Underfull \hbox (badness 10000) in paragraph at lines 73--74

 []


Underfull \hbox (badness 10000) in paragraph at lines 77--78

 []


Underfull \hbox (badness 10000) in paragraph at lines 80--81

 []


Underfull \hbox (badness 10000) in paragraph at lines 82--83

 []


Underfull \hbox (badness 10000) in paragraph at lines 84--85

 []


Underfull \hbox (badness 10000) in paragraph at lines 91--92

 []

) [12] [13] (parts/part_one/part_one.texpdfTeX warning (ext4): destination with
 the same identifier (name{page.1}) has been already used, duplicate ignored
<to be read again> 
                   \relax 
l.1 \part{Metadata}
                    [1

]
Underfull \hbox (badness 10000) in paragraph at lines 5--6

 []

(parts/part_one/chapters/chap_history.tex [2]
Chapter 1.

Underfull \hbox (badness 10000) in paragraph at lines 4--5

 []


Underfull \hbox (badness 10000) in paragraph at lines 6--7

 []


LaTeX Warning: Hyper reference `chap:Robotics' on page 3 undefined on input lin
e 10.


Underfull \hbox (badness 10000) in paragraph at lines 10--11

 []


Underfull \hbox (badness 10000) in paragraph at lines 12--13

 []


Underfull \hbox (badness 10000) in paragraph at lines 14--15

 []

<images/goombungee_skype.jpg, id=831, 963.6pt x 541.02126pt>
File: images/goombungee_skype.jpg Graphic file (type jpg)

<use images/goombungee_skype.jpg>
Package pdftex.def Info: images/goombungee_skype.jpg used on input line 16.
(pdftex.def)             Requested size: 292.5pt x 164.22285pt.
 [3

]
<images/goombungee_js.jpg, id=837, 963.6pt x 540.0175pt>
File: images/goombungee_js.jpg Graphic file (type jpg)

<use images/goombungee_js.jpg>
Package pdftex.def Info: images/goombungee_js.jpg used on input line 18.
(pdftex.def)             Requested size: 292.5pt x 163.91817pt.

<images/goombungee_teamviewer.jpg, id=838, 963.6pt x 540.0175pt>
File: images/goombungee_teamviewer.jpg Graphic file (type jpg)

<use images/goombungee_teamviewer.jpg>
Package pdftex.def Info: images/goombungee_teamviewer.jpg used on input line 20
.
(pdftex.def)             Requested size: 292.5pt x 163.91817pt.
 [4 <./images/goombungee_skype.jpg> <./images/goombungee_js.jpg> <./images/goom
bungee_teamviewer.jpg>]
Underfull \hbox (badness 10000) in paragraph at lines 23--24

 []


Underfull \hbox (badness 10000) in paragraph at lines 25--26

 []


Underfull \hbox (badness 10000) in paragraph at lines 28--29

 []


Underfull \hbox (badness 10000) in paragraph at lines 30--31

 []

<images/beaker_joystick.jpg, id=845, 963.6pt x 640.3925pt>
File: images/beaker_joystick.jpg Graphic file (type jpg)

<use images/beaker_joystick.jpg>
Package pdftex.def Info: images/beaker_joystick.jpg used on input line 32.
(pdftex.def)             Requested size: 292.5pt x 194.38623pt.

Underfull \hbox (badness 10000) in paragraph at lines 34--35

 []

[5 <./images/beaker_joystick.jpg>]
Underfull \hbox (badness 10000) in paragraph at lines 36--37

 []

<images/kinect.png, id=853, 3834.325pt x 1324.95pt>
File: images/kinect.png Graphic file (type png)
 <use images/kinect.png>
Package pdftex.def Info: images/kinect.png used on input line 38.
(pdftex.def)             Requested size: 292.5pt x 101.06519pt.

Underfull \hbox (badness 10000) in paragraph at lines 41--42

 []


Underfull \hbox (badness 10000) in paragraph at lines 43--44

 []


Underfull \hbox (badness 10000) in paragraph at lines 45--46

 []

) (parts/part_one/chapters/chap_team.tex [6 <./images/kinect.png>]
Chapter 2.

Underfull \hbox (badness 10000) in paragraph at lines 2--3

 []


Underfull \hbox (badness 10000) in paragraph at lines 6--7

 []


Underfull \hbox (badness 10000) in paragraph at lines 8--9

 []


Underfull \hbox (badness 10000) in paragraph at lines 10--11

 []


Underfull \hbox (badness 10000) in paragraph at lines 12--13

 []


Underfull \hbox (badness 10000) in paragraph at lines 14--15

 []

[7

]
Underfull \hbox (badness 10000) in paragraph at lines 16--17

 []


Underfull \hbox (badness 10000) in paragraph at lines 20--21

 []


Underfull \hbox (badness 10000) in paragraph at lines 22--23

 []


Underfull \hbox (badness 10000) in paragraph at lines 24--25

 []


Underfull \hbox (badness 10000) in paragraph at lines 29--30

 []


Underfull \hbox (badness 10000) in paragraph at lines 31--32

 []


Underfull \hbox (badness 10000) in paragraph at lines 34--35

 []

[8]) (parts/part_one/chapters/chap_sharing.tex [9]
Chapter 3.

Underfull \hbox (badness 10000) in paragraph at lines 5--6

 []


Underfull \hbox (badness 10000) in paragraph at lines 7--8

 []


Underfull \hbox (badness 10000) in paragraph at lines 9--10

 []


Underfull \hbox (badness 10000) in paragraph at lines 11--12

 []


Underfull \hbox (badness 10000) in paragraph at lines 13--14

 []

[10

]
Underfull \hbox (badness 10000) in paragraph at lines 15--16

 []


LaTeX Warning: Hyper reference `chap:History' on page 11 undefined on input lin
e 17.


Underfull \hbox (badness 10000) in paragraph at lines 17--18

 []


Underfull \hbox (badness 10000) in paragraph at lines 19--20

 []


Underfull \hbox (badness 10000) in paragraph at lines 21--22

 []


Underfull \hbox (badness 10000) in paragraph at lines 23--24

 []


LaTeX Warning: Hyper reference `resources' on page 11 undefined on input line 2
5.


Underfull \hbox (badness 10000) in paragraph at lines 25--26

 []


Underfull \hbox (badness 10000) in paragraph at lines 27--28

 []

[11]
Underfull \hbox (badness 10000) in paragraph at lines 29--30

 []


Underfull \hbox (badness 10000) in paragraph at lines 31--32

 []


Underfull \hbox (badness 10000) in paragraph at lines 33--34

 []

)) (parts/part_two/part_two.tex [12] [13

]
Underfull \hbox (badness 10000) in paragraph at lines 2--3

 []

(parts/part_two/chapters/chap_august_2015.tex [14]
Chapter 4.

Underfull \hbox (badness 10000) in paragraph at lines 3--4

 []


Underfull \hbox (badness 10000) in paragraph at lines 5--6

 []


Underfull \hbox (badness 10000) in paragraph at lines 7--8

 []

<images/nRF_SPI.png, id=900, 1028.34187pt x 554.07pt>
File: images/nRF_SPI.png Graphic file (type png)
 <use images/nRF_SPI.png>
Package pdftex.def Info: images/nRF_SPI.png used on input line 11.
(pdftex.def)             Requested size: 292.5pt x 157.59877pt.

[15

]
Underfull \hbox (badness 10000) in paragraph at lines 14--15

 []

<images/nRF_Protocol.png, id=906, 628.59843pt x 194.22563pt>
File: images/nRF_Protocol.png Graphic file (type png)

<use images/nRF_Protocol.png>
Package pdftex.def Info: images/nRF_Protocol.png used on input line 16.
(pdftex.def)             Requested size: 390.0pt x 120.50162pt.

Underfull \hbox (badness 10000) in paragraph at lines 19--20

 []


Underfull \hbox (badness 10000) in paragraph at lines 21--22

 []


Underfull \hbox (badness 10000) in paragraph at lines 23--24

 []

[16 <./images/nRF_SPI.png> <./images/nRF_Protocol.png>]
Underfull \hbox (badness 10000) in paragraph at lines 25--26

 []


Underfull \hbox (badness 10000) in paragraph at lines 28--29

 []


Underfull \hbox (badness 10000) in paragraph at lines 30--31

 []

<images/30_08_2015_IRQ.png, id=915, 1028.34187pt x 548.0475pt>
File: images/30_08_2015_IRQ.png Graphic file (type png)

<use images/30_08_2015_IRQ.png>
Package pdftex.def Info: images/30_08_2015_IRQ.png used on input line 32.
(pdftex.def)             Requested size: 292.5pt x 155.88574pt.

Underfull \hbox (badness 10000) in paragraph at lines 35--36

 []

<images/30_08_2015_RTRM.png, id=916, 1028.34187pt x 548.0475pt>
File: images/30_08_2015_RTRM.png Graphic file (type png)

<use images/30_08_2015_RTRM.png>
Package pdftex.def Info: images/30_08_2015_RTRM.png used on input line 37.
(pdftex.def)             Requested size: 292.5pt x 155.88574pt.
 [17 <./images/30_08_2015_IRQ.png>]
Underfull \hbox (badness 10000) in paragraph at lines 40--41

 []


Overfull \hbox (16.08374pt too wide) in paragraph at lines 42--43
[]\OT1/cmr/m/n/12 To fix this I can ei-ther dis-able AUTO[]ACK on the TX, or en
-able AUTO[]ACK
 []


Underfull \hbox (badness 10000) in paragraph at lines 42--43

 []


Underfull \hbox (badness 10000) in paragraph at lines 44--45

 []

<images/30_08_2015_PKT_DRP.png, id=921, 1028.34187pt x 548.0475pt>
File: images/30_08_2015_PKT_DRP.png Graphic file (type png)

<use images/30_08_2015_PKT_DRP.png>
Package pdftex.def Info: images/30_08_2015_PKT_DRP.png used on input line 46.
(pdftex.def)             Requested size: 292.5pt x 155.88574pt.
 [18 <./images/30_08_2015_RTRM.png> <./images/30_08_2015_PKT_DRP.png>]
Underfull \hbox (badness 10000) in paragraph at lines 51--52

 []


Underfull \hbox (badness 10000) in paragraph at lines 55--56

 []


Underfull \hbox (badness 10000) in paragraph at lines 57--58

 []


Underfull \hbox (badness 10000) in paragraph at lines 59--60

 []


Underfull \hbox (badness 10000) in paragraph at lines 61--62

 []

<images/blueprint_logo_4k.jpg, id=928, 3854.4pt x 2168.1pt>
File: images/blueprint_logo_4k.jpg Graphic file (type jpg)

<use images/blueprint_logo_4k.jpg>
Package pdftex.def Info: images/blueprint_logo_4k.jpg used on input line 63.
(pdftex.def)             Requested size: 292.5pt x 164.51927pt.

<images/chalkboard_logo_4k.jpg, id=929, 2890.8pt x 1626.075pt>
File: images/chalkboard_logo_4k.jpg Graphic file (type jpg)

<use images/chalkboard_logo_4k.jpg>
Package pdftex.def Info: images/chalkboard_logo_4k.jpg used on input line 65.
(pdftex.def)             Requested size: 292.5pt x 164.52754pt.
 [19])
Underfull \hbox (badness 10000) in paragraph at lines 68--5

 []

(parts/part_two/chapters/chap_september_2015.tex [20 <./images/blueprint_logo_4
k.jpg> <./images/chalkboard_logo_4k.jpg>]
Chapter 5.

Underfull \hbox (badness 10000) in paragraph at lines 3--4

 []


Underfull \hbox (badness 10000) in paragraph at lines 5--6

 []


Underfull \hbox (badness 10000) in paragraph at lines 7--8

 []


Underfull \hbox (badness 10000) in paragraph at lines 9--10

 []


Underfull \hbox (badness 10000) in paragraph at lines 11--12

 []

[21

]
Underfull \hbox (badness 10000) in paragraph at lines 15--16

 []

<images/Songs.png, id=943, 1028.34187pt x 554.07pt>
File: images/Songs.png Graphic file (type png)
 <use images/Songs.png>
Package pdftex.def Info: images/Songs.png used on input line 17.
(pdftex.def)             Requested size: 390.0pt x 210.13452pt.

Underfull \hbox (badness 10000) in paragraph at lines 24--25

 []


Underfull \hbox (badness 10000) in paragraph at lines 26--27

 []


Underfull \hbox (badness 10000) in paragraph at lines 33--34

 []

[22 <./images/Songs.png>]
Underfull \hbox (badness 10000) in paragraph at lines 36--37

 []


Underfull \hbox (badness 10000) in paragraph at lines 38--39

 []


Underfull \hbox (badness 10000) in paragraph at lines 40--41

 []


Underfull \hbox (badness 10000) in paragraph at lines 42--43

 []


Underfull \hbox (badness 10000) in paragraph at lines 45--46

 []

[23]
Underfull \hbox (badness 10000) in paragraph at lines 47--48

 []


Underfull \hbox (badness 10000) in paragraph at lines 49--50

 []


LaTeX Warning: Hyper reference `audio_selection' on page 24 undefined on input 
line 59.


Underfull \hbox (badness 10000) in paragraph at lines 61--62

 []


Underfull \hbox (badness 10000) in paragraph at lines 63--64

 []


Underfull \hbox (badness 10000) in paragraph at lines 65--66

 []


Underfull \hbox (badness 10000) in paragraph at lines 68--69

 []

[24]
Underfull \hbox (badness 10000) in paragraph at lines 70--71

 []


Underfull \hbox (badness 10000) in paragraph at lines 72--73

 []

<images/laptop_repair_1.jpg, id=967, 2055.68pt x 1366.10374pt>
File: images/laptop_repair_1.jpg Graphic file (type jpg)

<use images/laptop_repair_1.jpg>
Package pdftex.def Info: images/laptop_repair_1.jpg used on input line 74.
(pdftex.def)             Requested size: 390.0pt x 259.16635pt.

<images/laptop_repair_2.jpg, id=968, 2055.68pt x 1366.10374pt>
File: images/laptop_repair_2.jpg Graphic file (type jpg)

<use images/laptop_repair_2.jpg>
Package pdftex.def Info: images/laptop_repair_2.jpg used on input line 77.
(pdftex.def)             Requested size: 390.0pt x 259.16635pt.
 [25 <./images/laptop_repair_1.jpg>]
<images/laptop_repair_3.jpg, id=973, 2055.68pt x 1366.10374pt>
File: images/laptop_repair_3.jpg Graphic file (type jpg)

<use images/laptop_repair_3.jpg>
Package pdftex.def Info: images/laptop_repair_3.jpg used on input line 80.
(pdftex.def)             Requested size: 390.0pt x 259.16635pt.

Underfull \hbox (badness 10000) in paragraph at lines 83--84

 []

[26 <./images/laptop_repair_2.jpg> <./images/laptop_repair_3.jpg>]
Underfull \hbox (badness 10000) in paragraph at lines 85--86

 []


Underfull \hbox (badness 10000) in paragraph at lines 87--88

 []


Underfull \hbox (badness 10000) in paragraph at lines 89--90

 []


Underfull \hbox (badness 10000) in paragraph at lines 91--92

 []


Underfull \hbox (badness 10000) in paragraph at lines 93--94

 []

[27]
Underfull \hbox (badness 10000) in paragraph at lines 95--96

 []


Overfull \hbox (6.45422pt too wide) in paragraph at lines 97--98
[]\OT1/cmr/m/n/12 Currently the code that I've writ-ten for ex-tract-ing move-m
ents from Blender
 []


Underfull \hbox (badness 10000) in paragraph at lines 97--98

 []

<images/blender_irc.png, id=982, 1204.5pt x 573.64313pt>
File: images/blender_irc.png Graphic file (type png)

<use images/blender_irc.png>
Package pdftex.def Info: images/blender_irc.png used on input line 102.
(pdftex.def)             Requested size: 390.0pt x 185.74031pt.

<images/matrix_rotation_extractor.png, id=983, 557.45766pt x 49.30922pt>
File: images/matrix_rotation_extractor.png Graphic file (type png)

<use images/matrix_rotation_extractor.png>
Package pdftex.def Info: images/matrix_rotation_extractor.png used on input lin
e 107.
(pdftex.def)             Requested size: 390.0pt x 34.49739pt.

Underfull \hbox (badness 10000) in paragraph at lines 110--111

 []

[28 <./images/blender_irc.png> <./images/matrix_rotation_extractor.png>]
Underfull \hbox (badness 10000) in paragraph at lines 112--113

 []


Underfull \hbox (badness 10000) in paragraph at lines 115--116

 []


Underfull \hbox (badness 10000) in paragraph at lines 117--118

 []


Underfull \hbox (badness 10000) in paragraph at lines 119--120

 []


LaTeX Warning: Hyper reference `Rasberry Pi' on page 29 undefined on input line
 121.


Underfull \hbox (badness 10000) in paragraph at lines 123--124

 []

[29]
Underfull \hbox (badness 10000) in paragraph at lines 125--126

 []


Underfull \hbox (badness 10000) in paragraph at lines 127--128

 []


Underfull \hbox (badness 10000) in paragraph at lines 129--130

 []


Underfull \hbox (badness 10000) in paragraph at lines 131--132

 []

[30] <images/port_scanner.png, id=998, 1204.5pt x 677.53125pt>
File: images/port_scanner.png Graphic file (type png)

<use images/port_scanner.png>
Package pdftex.def Info: images/port_scanner.png used on input line 133.
(pdftex.def)             Requested size: 390.0pt x 219.37831pt.

<images/ssh_login.png, id=999, 1204.5pt x 677.53125pt>
File: images/ssh_login.png Graphic file (type png)

<use images/ssh_login.png>
Package pdftex.def Info: images/ssh_login.png used on input line 138.
(pdftex.def)             Requested size: 390.0pt x 219.37831pt.

Underfull \hbox (badness 10000) in paragraph at lines 141--142

 []

[31 <./images/port_scanner.png> <./images/ssh_login.png>]

LaTeX Warning: Hyper reference `part:part_six' on page 32 undefined on input li
ne 143.


Underfull \hbox (badness 10000) in paragraph at lines 143--144

 []


Underfull \hbox (badness 10000) in paragraph at lines 146--147

 []


LaTeX Warning: Hyper reference `part:part_six' on page 32 undefined on input li
ne 150.

))
Underfull \hbox (badness 10000) in paragraph at lines 150--69

 []

(parts/part_three/part_three.tex [32] [33

]
(parts/part_three/chapters/chap_robots.tex
Chapter 6.

Underfull \hbox (badness 10000) in paragraph at lines 9--10

 []


LaTeX Warning: Hyper reference `part:part_six' on page 34 undefined on input li
ne 12.

<images/apod_build3.jpg, id=1014, 963.6pt x 640.3925pt>
File: images/apod_build3.jpg Graphic file (type jpg)

<use images/apod_build3.jpg>
Package pdftex.def Info: images/apod_build3.jpg used on input line 18.
(pdftex.def)             Requested size: 390.0pt x 259.18166pt.

<images/apod_build2.jpg, id=1015, 963.6pt x 640.3925pt>
File: images/apod_build2.jpg Graphic file (type jpg)

<use images/apod_build2.jpg>
Package pdftex.def Info: images/apod_build2.jpg used on input line 19.
(pdftex.def)             Requested size: 390.0pt x 259.18166pt.
 [34

]
File: images/apod_build3.jpg Graphic file (type jpg)
 <use images/apod_build3.jpg>
Package pdftex.def Info: images/apod_build3.jpg used on input line 20.
(pdftex.def)             Requested size: 390.0pt x 259.18166pt.

<images/apod_build4.jpg, id=1021, 963.6pt x 640.3925pt>
File: images/apod_build4.jpg Graphic file (type jpg)

<use images/apod_build4.jpg>
Package pdftex.def Info: images/apod_build4.jpg used on input line 21.
(pdftex.def)             Requested size: 390.0pt x 259.18166pt.
 [35 <./images/apod_build3.jpg> <./images/apod_build2.jpg>] <images/apod_build5
.jpg, id=1026, 963.6pt x 640.3925pt>
File: images/apod_build5.jpg Graphic file (type jpg)

<use images/apod_build5.jpg>
Package pdftex.def Info: images/apod_build5.jpg used on input line 22.
(pdftex.def)             Requested size: 390.0pt x 259.18166pt.

<images/apod_build6.jpg, id=1027, 963.6pt x 640.3925pt>
File: images/apod_build6.jpg Graphic file (type jpg)

<use images/apod_build6.jpg>
Package pdftex.def Info: images/apod_build6.jpg used on input line 23.
(pdftex.def)             Requested size: 390.0pt x 259.18166pt.
 [36 <./images/apod_build4.jpg>]

LaTeX Warning: Hyper reference `part:part_six' on page 37 undefined on input li
ne 26.

[37 <./images/apod_build5.jpg> <./images/apod_build6.jpg>] [38]
Underfull \hbox (badness 10000) in paragraph at lines 36--37

 []


Underfull \hbox (badness 10000) in paragraph at lines 38--39

 []


Underfull \hbox (badness 10000) in paragraph at lines 40--41

 []

<images/beaker_bottom.jpg, id=1040, 731.73375pt x 549.05125pt>
File: images/beaker_bottom.jpg Graphic file (type jpg)

<use images/beaker_bottom.jpg>
Package pdftex.def Info: images/beaker_bottom.jpg used on input line 42.
(pdftex.def)             Requested size: 292.5pt x 219.47418pt.

<images/beaker_top.jpg, id=1041, 731.73375pt x 549.05125pt>
File: images/beaker_top.jpg Graphic file (type jpg)

<use images/beaker_top.jpg>
Package pdftex.def Info: images/beaker_top.jpg used on input line 43.
(pdftex.def)             Requested size: 292.5pt x 219.47418pt.
 [39 <./images/beaker_bottom.jpg>]
Underfull \hbox (badness 10000) in paragraph at lines 45--46

 []


Underfull \hbox (badness 10000) in paragraph at lines 47--48

 []


LaTeX Warning: Hyper reference `RPi' on page 40 undefined on input line 50.


Underfull \hbox (badness 10000) in paragraph at lines 50--51

 []


Underfull \hbox (badness 10000) in paragraph at lines 54--55

 []


Underfull \hbox (badness 10000) in paragraph at lines 56--57

 []

<images/PeelyPCB.jpg, id=1050, 362.3136pt x 240.9pt>
File: images/PeelyPCB.jpg Graphic file (type jpg)
 <use images/PeelyPCB.jpg>
Package pdftex.def Info: images/PeelyPCB.jpg used on input line 58.
(pdftex.def)             Requested size: 292.5pt x 194.48097pt.

[40 <./images/beaker_top.jpg>]
Underfull \hbox (badness 10000) in paragraph at lines 63--64

 []


Underfull \hbox (badness 10000) in paragraph at lines 67--68

 []


Underfull \hbox (badness 10000) in paragraph at lines 70--71

 []


Underfull \hbox (badness 10000) in paragraph at lines 74--75

 []


Underfull \hbox (badness 10000) in paragraph at lines 79--80

 []

[41 <./images/PeelyPCB.jpg>]
Underfull \hbox (badness 10000) in paragraph at lines 82--83

 []

<images/SecondDeck.jpg, id=1069, 362.3136pt x 240.9pt>
File: images/SecondDeck.jpg Graphic file (type jpg)

<use images/SecondDeck.jpg>
Package pdftex.def Info: images/SecondDeck.jpg used on input line 84.
(pdftex.def)             Requested size: 292.5pt x 194.48097pt.

Underfull \hbox (badness 10000) in paragraph at lines 97--98

 []

[42 <./images/SecondDeck.jpg>]
Underfull \hbox (badness 10000) in paragraph at lines 99--100

 []


Underfull \hbox (badness 10000) in paragraph at lines 101--102

 []

<images/CurtainDevelopment.jpg, id=1078, 362.3136pt x 240.9pt>
File: images/CurtainDevelopment.jpg Graphic file (type jpg)

<use images/CurtainDevelopment.jpg>
Package pdftex.def Info: images/CurtainDevelopment.jpg used on input line 103.
(pdftex.def)             Requested size: 292.5pt x 194.48097pt.
 [43 <./images/CurtainDevelopment.jpg>]
Underfull \hbox (badness 10000) in paragraph at lines 115--116

 []


Underfull \hbox (badness 10000) in paragraph at lines 117--118

 []

File: images/SecondDeck.jpg Graphic file (type jpg)
<use images/SecondDeck.jpg>
Package pdftex.def Info: images/SecondDeck.jpg used on input line 119.
(pdftex.def)             Requested size: 292.5pt x 194.48097pt.
) (parts/part_three/chapters/chap_props.tex [44]
Chapter 7.
)) (parts/part_four/part_four.tex [45

] [46

]
Underfull \hbox (badness 10000) in paragraph at lines 2--3

 []


Underfull \hbox (badness 10000) in paragraph at lines 4--5

 []


Underfull \hbox (badness 10000) in paragraph at lines 6--7

 []


Underfull \hbox (badness 10000) in paragraph at lines 8--9

 []


Underfull \hbox (badness 10000) in paragraph at lines 10--11

 []

(parts/part_four/chapters/chap_routine_parts.tex

Package hyperref Warning: Difference (2) between bookmark levels is greater 
(hyperref)                than one, level fixed on input line 1.


Underfull \hbox (badness 10000) in paragraph at lines 2--3

 []

[47]
Underfull \hbox (badness 10000) in paragraph at lines 4--5

 []


Underfull \hbox (badness 10000) in paragraph at lines 6--7

 []

) (parts/part_four/chapters/chap_audio.tex [48]
Chapter 8.

Underfull \hbox (badness 10000) in paragraph at lines 5--6

 []


Underfull \hbox (badness 10000) in paragraph at lines 7--8

 []


Underfull \hbox (badness 10000) in paragraph at lines 9--10

 []


Underfull \hbox (badness 10000) in paragraph at lines 11--12

 []


Underfull \hbox (badness 10000) in paragraph at lines 13--14

 []


Underfull \hbox (badness 10000) in paragraph at lines 15--16

 []

[49

]
Underfull \hbox (badness 10000) in paragraph at lines 21--22

 []


Underfull \hbox (badness 10000) in paragraph at lines 23--24

 []


Underfull \hbox (badness 10000) in paragraph at lines 25--26

 []


Underfull \hbox (badness 10000) in paragraph at lines 27--28

 []

[50]
Underfull \hbox (badness 10000) in paragraph at lines 29--30

 []


Underfull \hbox (badness 10000) in paragraph at lines 32--33

 []


Underfull \hbox (badness 10000) in paragraph at lines 45--46

 []

<images/audio_editing.jpg, id=1128, 963.6pt x 512.91624pt>
File: images/audio_editing.jpg Graphic file (type jpg)

<use images/audio_editing.jpg>
Package pdftex.def Info: images/audio_editing.jpg used on input line 47.
(pdftex.def)             Requested size: 292.5pt x 155.69179pt.
 [51]
<images/audition_audio_editing.jpg, id=1138, 2055.68pt x 1156.32pt>
File: images/audition_audio_editing.jpg Graphic file (type jpg)

<use images/audition_audio_editing.jpg>
Package pdftex.def Info: images/audition_audio_editing.jpg used on input line 5
0.
(pdftex.def)             Requested size: 292.5pt x 164.53029pt.

Underfull \hbox (badness 10000) in paragraph at lines 53--54

 []


Underfull \hbox (badness 10000) in paragraph at lines 55--56

 []


Underfull \hbox (badness 10000) in paragraph at lines 58--59

 []

[52 <./images/audio_editing.jpg> <./images/audition_audio_editing.jpg>]
Underfull \hbox (badness 10000) in paragraph at lines 61--62

 []


Underfull \hbox (badness 10000) in paragraph at lines 63--64

 []

) (parts/part_four/chapters/chap_robot_animation.tex [53]
Chapter 9.

Underfull \hbox (badness 10000) in paragraph at lines 2--3

 []


Underfull \hbox (badness 10000) in paragraph at lines 6--7

 []


Underfull \hbox (badness 10000) in paragraph at lines 8--9

 []


Underfull \hbox (badness 10000) in paragraph at lines 10--11

 []


Underfull \hbox (badness 10000) in paragraph at lines 12--13

 []

[54

]
Underfull \hbox (badness 10000) in paragraph at lines 14--15

 []

<images/animation.jpg, id=1153, 963.6pt x 602.25pt>
File: images/animation.jpg Graphic file (type jpg)
 <use images/animation.jpg>
Package pdftex.def Info: images/animation.jpg used on input line 16.
(pdftex.def)             Requested size: 390.0pt x 243.74449pt.

<images/graph_editor.jpg, id=1154, 963.6pt x 512.91624pt>
File: images/graph_editor.jpg Graphic file (type jpg)

<use images/graph_editor.jpg>
Package pdftex.def Info: images/graph_editor.jpg used on input line 18.
(pdftex.def)             Requested size: 390.0pt x 207.58907pt.
 [55 <./images/animation.jpg>]
Underfull \hbox (badness 10000) in paragraph at lines 24--25

 []


Underfull \hbox (badness 10000) in paragraph at lines 26--27

 []


Underfull \hbox (badness 10000) in paragraph at lines 30--31

 []


Underfull \hbox (badness 10000) in paragraph at lines 32--33

 []

[56 <./images/graph_editor.jpg>]
Underfull \hbox (badness 10000) in paragraph at lines 34--35

 []

) (parts/part_four/chapters/chap_human_performance.tex [57]
Chapter 10.

Underfull \hbox (badness 10000) in paragraph at lines 2--3

 []


Underfull \hbox (badness 10000) in paragraph at lines 4--5

 []


Underfull \hbox (badness 10000) in paragraph at lines 6--7

 []


Underfull \hbox (badness 10000) in paragraph at lines 8--9

 []


Underfull \hbox (badness 10000) in paragraph at lines 12--13

 []

[58

]
Underfull \hbox (badness 10000) in paragraph at lines 14--17

 []


Underfull \hbox (badness 10000) in paragraph at lines 18--19

 []

(parts/part_four/chapters/chap_stage_presence.tex
Underfull \hbox (badness 10000) in paragraph at lines 2--3

 []


Underfull \hbox (badness 10000) in paragraph at lines 4--5

 []

)) (parts/part_four/chapters/chap_props.tex [59]
Chapter 11.

Underfull \hbox (badness 10000) in paragraph at lines 4--5

 []


Underfull \hbox (badness 10000) in paragraph at lines 6--7

 []


Underfull \hbox (badness 10000) in paragraph at lines 8--9

 []


Underfull \hbox (badness 10000) in paragraph at lines 10--11

 []


Underfull \hbox (badness 10000) in paragraph at lines 12--13

 []


Underfull \hbox (badness 10000) in paragraph at lines 14--15

 []

[60

]
Underfull \hbox (badness 10000) in paragraph at lines 16--17

 []

) (parts/part_four/chapters/chap_story.tex [61]
Chapter 12.

Underfull \hbox (badness 10000) in paragraph at lines 3--4

 []


Underfull \hbox (badness 10000) in paragraph at lines 5--6

 []


Overfull \hbox (3.60712pt too wide) in paragraph at lines 7--8
[]\OT1/cmr/m/n/12 In the story, I'm the cre-ator/-fa-ther fig-ure, and I cre-at
e my son/child/robot.
 []


Underfull \hbox (badness 10000) in paragraph at lines 7--8

 []

)
Underfull \hbox (badness 10000) in paragraph at lines 9--23

 []

) (parts/part_five/part_five.tex [62

] [63

]
Underfull \hbox (badness 10000) in paragraph at lines 3--4

 []


Underfull \hbox (badness 10000) in paragraph at lines 5--6

 []

(parts/part_five/chapters/chap_blender.tex [64]
Chapter 13.

Underfull \hbox (badness 10000) in paragraph at lines 7--8

 []

<images/blender.png, id=1200, 1264.725pt x 790.45313pt>
File: images/blender.png Graphic file (type png)

<use images/blender.png>
Package pdftex.def Info: images/blender.png used on input line 10.
(pdftex.def)             Requested size: 390.0pt x 243.74738pt.

Overfull \hbox (17.62482pt too wide) in paragraph at lines 10--11
[][] 
 []


Underfull \hbox (badness 10000) in paragraph at lines 14--15

 []

[65

 <./images/blender.png>]
Underfull \hbox (badness 10000) in paragraph at lines 16--17

 []


Underfull \hbox (badness 10000) in paragraph at lines 18--19

 []


Underfull \hbox (badness 10000) in paragraph at lines 21--22

 []


Underfull \hbox (badness 10000) in paragraph at lines 23--24

 []


Underfull \hbox (badness 10000) in paragraph at lines 26--27

 []


Underfull \hbox (badness 10000) in paragraph at lines 28--29

 []


Underfull \hbox (badness 10000) in paragraph at lines 30--31

 []

[66]
Overfull \hbox (1.68224pt too wide) in paragraph at lines 32--33
[]\OT1/cmr/m/n/12 I found that I was able to eas-ily read the ar-ma-ture in-for
-ma-tion in []Blender's
 []


Overfull \hbox (4.19534pt too wide) in paragraph at lines 32--33
\OT1/cmr/m/n/12 piler[]config.dat, play-back the se-lected an-i-ma-tion, and th
en record any changed
 []


Underfull \hbox (badness 10000) in paragraph at lines 32--33

 []


Underfull \hbox (badness 10000) in paragraph at lines 34--35

 []


Underfull \hbox (badness 10000) in paragraph at lines 40--41

 []


Underfull \hbox (badness 10000) in paragraph at lines 42--43

 []


Underfull \hbox (badness 10000) in paragraph at lines 44--45

 []


Underfull \hbox (badness 10000) in paragraph at lines 46--47

 []


Underfull \hbox (badness 10000) in paragraph at lines 48--49

 []


Underfull \hbox (badness 10000) in paragraph at lines 50--51

 []

[67]
Underfull \hbox (badness 10000) in paragraph at lines 52--53

 []

)
Underfull \hbox (badness 10000) in paragraph at lines 54--8

 []

(parts/part_five/chapters/chap_laser_localization.tex [68]
Chapter 14.

Underfull \hbox (badness 10000) in paragraph at lines 5--6

 []


Underfull \hbox (badness 10000) in paragraph at lines 7--8

 []


Underfull \hbox (badness 10000) in paragraph at lines 9--10

 []


Underfull \hbox (badness 10000) in paragraph at lines 11--12

 []

<images/laser_localization_system.png, id=1218, 246.6816pt x 124.5453pt>
File: images/laser_localization_system.png Graphic file (type png)

<use images/laser_localization_system.png>
Package pdftex.def Info: images/laser_localization_system.png used on input lin
e 20.
(pdftex.def)             Requested size: 390.0pt x 196.92383pt.
 [69

]
Underfull \hbox (badness 10000) in paragraph at lines 22--23

 []


Underfull \hbox (badness 10000) in paragraph at lines 24--25

 []

<images/linescan_sensor.png, id=1223, 1003.75pt x 1003.75pt>
File: images/linescan_sensor.png Graphic file (type png)

<use images/linescan_sensor.png>
Package pdftex.def Info: images/linescan_sensor.png used on input line 28.
(pdftex.def)             Requested size: 195.0pt x 194.98764pt.
 [70 <./images/laser_localization_system.png>]
Underfull \hbox (badness 10000) in paragraph at lines 36--37

 []


Underfull \hbox (badness 10000) in paragraph at lines 38--39

 []

[71 <./images/linescan_sensor.png>]
Underfull \hbox (badness 10000) in paragraph at lines 46--47

 []


Underfull \hbox (badness 10000) in paragraph at lines 48--49

 []


Underfull \hbox (badness 10000) in paragraph at lines 50--51

 []

[72]
Underfull \hbox (badness 10000) in paragraph at lines 57--58

 []


Overfull \hbox (3.16806pt too wide) in paragraph at lines 59--60
[]\OT1/cmr/m/it/12 Following our re-cent dis-cus-sion about us-ing lasers in RC
JA Dance,
 []


Underfull \hbox (badness 10000) in paragraph at lines 59--60

 []


Underfull \hbox (badness 10000) in paragraph at lines 61--62

 []


Underfull \hbox (badness 10000) in paragraph at lines 63--64

 []


Underfull \hbox (badness 10000) in paragraph at lines 65--66

 []


Underfull \hbox (badness 10000) in paragraph at lines 67--68

 []

[73]) (parts/part_five/chapters/chap_rf_networking.tex [74]
Chapter 15.

Overfull \hbox (25.23268pt too wide) in paragraph at lines 10--11
\OT1/cmr/m/n/12 you see rid-dled all through-out eBay. I hap-pened to buy my []
[][]trans-mit-ter[]\OT1/cmr/m/it/12 Transmitter
 []


Underfull \hbox (badness 10000) in paragraph at lines 10--11

 []


Underfull \hbox (badness 10000) in paragraph at lines 12--13

 []


Underfull \hbox (badness 10000) in paragraph at lines 14--15

 []


Underfull \hbox (badness 10000) in paragraph at lines 16--17

 []

<images/433mhz.jpg, id=1251, 685.56125pt x 730.73pt>
File: images/433mhz.jpg Graphic file (type jpg)
 <use images/433mhz.jpg>
Package pdftex.def Info: images/433mhz.jpg used on input line 20.
(pdftex.def)             Requested size: 292.5pt x 311.77707pt.

[75

]
Underfull \hbox (badness 10000) in paragraph at lines 24--25

 []


Underfull \hbox (badness 10000) in paragraph at lines 26--27

 []


Underfull \hbox (badness 10000) in paragraph at lines 28--29

 []


Underfull \hbox (badness 10000) in paragraph at lines 30--31

 []

[76 <./images/433mhz.jpg>]
<images/probing_nrf.jpg, id=1262, 722.7pt x 963.6pt>
File: images/probing_nrf.jpg Graphic file (type jpg)

<use images/probing_nrf.jpg>
Package pdftex.def Info: images/probing_nrf.jpg used on input line 32.
(pdftex.def)             Requested size: 390.0pt x 519.99808pt.

<images/logic_analyser.jpg, id=1263, 963.6pt x 541.02126pt>
File: images/logic_analyser.jpg Graphic file (type jpg)

<use images/logic_analyser.jpg>
Package pdftex.def Info: images/logic_analyser.jpg used on input line 33.
(pdftex.def)             Requested size: 390.0pt x 218.9638pt.
 [77] [78 <./images/probing_nrf.jpg>]
Underfull \hbox (badness 10000) in paragraph at lines 35--36

 []


Underfull \hbox (badness 10000) in paragraph at lines 40--41

 []

)
Underfull \hbox (badness 10000) in paragraph at lines 42--12

 []

(parts/part_five/chapters/chap_fog.tex [79 <./images/logic_analyser.jpg>]
Chapter 16.

Underfull \hbox (badness 10000) in paragraph at lines 2--3

 []


Underfull \hbox (badness 10000) in paragraph at lines 4--5

 []


Underfull \hbox (badness 10000) in paragraph at lines 6--7

 []


Underfull \hbox (badness 10000) in paragraph at lines 8--9

 []


Underfull \hbox (badness 10000) in paragraph at lines 10--11

 []


Underfull \hbox (badness 10000) in paragraph at lines 12--13

 []


Underfull \hbox (badness 10000) in paragraph at lines 14--15

 []

[80

] <images/PortaFog.jpg, id=1280, 722.7pt x 963.6pt>
File: images/PortaFog.jpg Graphic file (type jpg)

<use images/PortaFog.jpg>
Package pdftex.def Info: images/PortaFog.jpg used on input line 16.
(pdftex.def)             Requested size: 390.0pt x 519.99808pt.
 [81] [82 <./images/PortaFog.jpg>]
Underfull \hbox (badness 10000) in paragraph at lines 19--20

 []


Underfull \hbox (badness 10000) in paragraph at lines 21--22

 []


Underfull \hbox (badness 10000) in paragraph at lines 23--24

 []


Underfull \hbox (badness 10000) in paragraph at lines 25--26

 []

<images/FogTest.jpg, id=1290, 362.3136pt x 240.9pt>
File: images/FogTest.jpg Graphic file (type jpg)
 <use images/FogTest.jpg>
Package pdftex.def Info: images/FogTest.jpg used on input line 27.
(pdftex.def)             Requested size: 292.5pt x 194.48097pt.
)
(parts/part_five/chapters/chap_projection_mapping.tex
Underfull \hbox (badness 10000) in paragraph at lines 4--5

 []

[83 <./images/FogTest.jpg>]
Underfull \hbox (badness 10000) in paragraph at lines 6--7

 []

)
Underfull \hbox (badness 10000) in paragraph at lines 8--16

 []

(parts/part_five/chapters/chap_helicopter.tex [84]
Chapter 17.

Underfull \hbox (badness 10000) in paragraph at lines 4--5

 []


Underfull \hbox (badness 10000) in paragraph at lines 6--7

 []


Underfull \hbox (badness 10000) in paragraph at lines 8--9

 []

)
Underfull \hbox (badness 10000) in paragraph at lines 10--18

 []

(parts/part_five/chapters/chap_3d_printing.tex [85

]
Chapter 18.

Underfull \hbox (badness 10000) in paragraph at lines 3--4

 []


Underfull \hbox (badness 10000) in paragraph at lines 5--6

 []


Underfull \hbox (badness 10000) in paragraph at lines 7--8

 []

<images/3DPrinting.png, id=1303, 1028.34187pt x 548.0475pt>
File: images/3DPrinting.png Graphic file (type png)

<use images/3DPrinting.png>
Package pdftex.def Info: images/3DPrinting.png used on input line 9.
(pdftex.def)             Requested size: 292.5pt x 155.88574pt.

Underfull \hbox (badness 10000) in paragraph at lines 11--12

 []

[86

 <./images/3DPrinting.png>]
Underfull \hbox (badness 10000) in paragraph at lines 13--14

 []

)
Underfull \hbox (badness 10000) in paragraph at lines 15--20

 []

(parts/part_five/chapters/chap_inverse_kinematics.tex [87]
Chapter 19.

Underfull \hbox (badness 10000) in paragraph at lines 3--4

 []


Underfull \hbox (badness 10000) in paragraph at lines 5--6

 []


Underfull \hbox (badness 10000) in paragraph at lines 7--8

 []

)
Underfull \hbox (badness 10000) in paragraph at lines 9--22

 []

(parts/part_five/chapters/chap_latex.tex [88

]
Chapter 20.

Underfull \hbox (badness 10000) in paragraph at lines 2--3

 []

) (parts/part_five/chapters/chap_lighting.tex
Underfull \hbox (badness 10000) in paragraph at lines 4--1

 []

[89

]
Chapter 21.

Underfull \hbox (badness 10000) in paragraph at lines 3--4

 []


Underfull \hbox (badness 10000) in paragraph at lines 5--6

 []


Underfull \hbox (badness 10000) in paragraph at lines 7--8

 []


Underfull \hbox (badness 10000) in paragraph at lines 9--10

 []


Underfull \hbox (badness 10000) in paragraph at lines 11--12

 []


Underfull \hbox (badness 10000) in paragraph at lines 14--15

 []

[90

]))
Underfull \hbox (badness 10000) in paragraph at lines 16--75

 []

(parts/part_six/part_six.tex [91] [92

]
(parts/part_six/chapters/chap_introduction.tex
Chapter 22.

Underfull \hbox (badness 10000) in paragraph at lines 2--3

 []


Underfull \hbox (badness 10000) in paragraph at lines 4--5

 []


Underfull \hbox (badness 10000) in paragraph at lines 7--8

 []


Underfull \hbox (badness 10000) in paragraph at lines 9--10

 []

[93

]) (parts/part_six/chapters/chap_electronics.tex [94]
Chapter 23.
[95

]
Underfull \hbox (badness 10000) in paragraph at lines 11--12

 []

<images/rpi_pinout.jpg, id=1349, 391.4625pt x 823.075pt>
File: images/rpi_pinout.jpg Graphic file (type jpg)

<use images/rpi_pinout.jpg>
Package pdftex.def Info: images/rpi_pinout.jpg used on input line 24.
(pdftex.def)             Requested size: 195.0pt x 410.00427pt.
 [96]
Underfull \hbox (badness 10000) in paragraph at lines 29--30

 []


Underfull \hbox (badness 10000) in paragraph at lines 31--32

 []

[97 <./images/rpi_pinout.jpg>] [98]
<images/power_supply.jpg, id=1365, 602.25pt x 400.49625pt>
File: images/power_supply.jpg Graphic file (type jpg)

<use images/power_supply.jpg>
Package pdftex.def Info: images/power_supply.jpg used on input line 51.
(pdftex.def)             Requested size: 390.0pt x 259.36003pt.

Overfull \hbox (17.62482pt too wide) in paragraph at lines 51--52
[][] 
 []


Underfull \hbox (badness 10000) in paragraph at lines 54--55

 []

<images/power_supply_graph.jpg, id=1366, 1371.1225pt x 770.88pt>
File: images/power_supply_graph.jpg Graphic file (type jpg)

<use images/power_supply_graph.jpg>
Package pdftex.def Info: images/power_supply_graph.jpg used on input line 56.
(pdftex.def)             Requested size: 292.5pt x 164.45384pt.
 [99 <./images/power_supply.jpg>]
<images/power_supply_circuit.jpg, id=1371, 724.6272pt x 481.8pt>
File: images/power_supply_circuit.jpg Graphic file (type jpg)

<use images/power_supply_circuit.jpg>
Package pdftex.def Info: images/power_supply_circuit.jpg used on input line 61.

(pdftex.def)             Requested size: 292.5pt x 194.48097pt.

Underfull \hbox (badness 10000) in paragraph at lines 65--66

 []

[100 <./images/power_supply_graph.jpg> <./images/power_supply_circuit.jpg>]
Underfull \hbox (badness 10000) in paragraph at lines 69--70

 []


Underfull \hbox (badness 10000) in paragraph at lines 71--72

 []

<images/batteries.jpg, id=1377, 724.6272pt x 481.8pt>
File: images/batteries.jpg Graphic file (type jpg)

<use images/batteries.jpg>
Package pdftex.def Info: images/batteries.jpg used on input line 73.
(pdftex.def)             Requested size: 292.5pt x 194.48097pt.

Underfull \hbox (badness 10000) in paragraph at lines 78--79

 []

<images/danger_lipo.jpg, id=1378, 724.6272pt x 481.8pt>
File: images/danger_lipo.jpg Graphic file (type jpg)

<use images/danger_lipo.jpg>
Package pdftex.def Info: images/danger_lipo.jpg used on input line 80.
(pdftex.def)             Requested size: 292.5pt x 194.48097pt.
 [101 <./images/batteries.jpg>]
Underfull \hbox (badness 10000) in paragraph at lines 83--84

 []

<images/lipo_dispose.jpg, id=1384, 724.6272pt x 481.8pt>
File: images/lipo_dispose.jpg Graphic file (type jpg)

<use images/lipo_dispose.jpg>
Package pdftex.def Info: images/lipo_dispose.jpg used on input line 85.
(pdftex.def)             Requested size: 292.5pt x 194.48097pt.
) (parts/part_six/chapters/chap_software.tex
[102 <./images/danger_lipo.jpg> <./images/lipo_dispose.jpg>]
Chapter 24.
[103

]
LaTeX Font Info:    Try loading font information for OMS+cmr on input line 25.
 ("C:\Program Files (x86)\MiKTeX 2.9\tex\latex\base\omscmr.fd"
File: omscmr.fd 2014/09/29 v2.5h Standard LaTeX font definitions
)
LaTeX Font Info:    Font shape `OMS/cmr/m/n' in size <12> not available
(Font)              Font shape `OMS/cmsy/m/n' tried instead on input line 25.

Overfull \hbox (4.61273pt too wide) in paragraph at lines 25--26
[]\OT1/cmr/m/n/12 Raspbian im-age should be down-loaded from []$\OT1/cmtt/m/n/1
2 http : / / www . raspberrypi .$
 []


Overfull \hbox (23.80833pt too wide) in paragraph at lines 28--29
[]\OT1/cmr/m/n/12 Plug in eth-er-net ca-ble to the RPi and a DHCP en-abled swit
ch/router/server. 
 []

[104] [105]
Underfull \hbox (badness 10000) in paragraph at lines 68--69

 []

LaTeX Font Info:    Try loading font information for OML+cmr on input line 87.
("C:\Program Files (x86)\MiKTeX 2.9\tex\latex\base\omlcmr.fd"
File: omlcmr.fd 2014/09/29 v2.5h Standard LaTeX font definitions
)
LaTeX Font Info:    Font shape `OML/cmr/m/n' in size <12> not available
(Font)              Font shape `OML/cmm/m/it' tried instead on input line 87.
 [106]
Underfull \hbox (badness 10000) in paragraph at lines 96--97

 []


Underfull \hbox (badness 10000) in paragraph at lines 98--99

 []

[107] [108]
Underfull \hbox (badness 10000) in paragraph at lines 131--132

 []

File: images/blender.png Graphic file (type png)
<use images/blender.png>
Package pdftex.def Info: images/blender.png used on input line 133.
(pdftex.def)             Requested size: 390.0pt x 243.74738pt.

Overfull \hbox (17.62482pt too wide) in paragraph at lines 133--134
[][] 
 []


Underfull \hbox (badness 10000) in paragraph at lines 143--144

 []

[109] [110]
Overfull \hbox (31.05981pt too wide) in paragraph at lines 175--176
[]\OT1/cmr/m/n/12 Downloaded 32-bit zip for win-dows from []$\OT1/cmtt/m/it/12 
http : / / blender . org / download/$[] 
 []

[111]
Underfull \hbox (badness 10000) in paragraph at lines 191--192

 []


Underfull \hbox (badness 10000) in paragraph at lines 193--194

 []

[112]
Chapter 25.

Underfull \hbox (badness 10000) in paragraph at lines 204--205

 []


Underfull \hbox (badness 10000) in paragraph at lines 206--207

 []

[113

]
Underfull \hbox (badness 10000) in paragraph at lines 221--222

 []


Underfull \hbox (badness 10000) in paragraph at lines 225--226

 []


Underfull \hbox (badness 10000) in paragraph at lines 228--229

 []


Underfull \hbox (badness 10000) in paragraph at lines 230--231

 []


Underfull \hbox (badness 10000) in paragraph at lines 233--234

 []


Underfull \hbox (badness 10000) in paragraph at lines 235--236

 []


Underfull \hbox (badness 10000) in paragraph at lines 239--240

 []

[114]
Underfull \hbox (badness 10000) in paragraph at lines 241--242

 []


Underfull \hbox (badness 10000) in paragraph at lines 243--244

 []


Underfull \hbox (badness 10000) in paragraph at lines 253--254

 []


Underfull \hbox (badness 10000) in paragraph at lines 255--256

 []


Underfull \hbox (badness 10000) in paragraph at lines 257--258

 []


Underfull \hbox (badness 10000) in paragraph at lines 259--260

 []


Underfull \hbox (badness 10000) in paragraph at lines 261--262

 []


Underfull \hbox (badness 10000) in paragraph at lines 263--264

 []

[115]
Underfull \hbox (badness 10000) in paragraph at lines 265--266

 []


Underfull \hbox (badness 10000) in paragraph at lines 271--272

 []


Underfull \hbox (badness 10000) in paragraph at lines 273--274

 []


Underfull \hbox (badness 10000) in paragraph at lines 275--276

 []


Underfull \hbox (badness 10000) in paragraph at lines 277--278

 []


Underfull \hbox (badness 10000) in paragraph at lines 279--280

 []

[116]
Underfull \hbox (badness 10000) in paragraph at lines 287--288

 []


Underfull \hbox (badness 10000) in paragraph at lines 289--290

 []


Underfull \hbox (badness 10000) in paragraph at lines 291--292

 []


Underfull \hbox (badness 10000) in paragraph at lines 296--297

 []


Underfull \hbox (badness 10000) in paragraph at lines 298--299

 []


Underfull \hbox (badness 10000) in paragraph at lines 304--305

 []

[117]
Underfull \hbox (badness 10000) in paragraph at lines 309--310

 []


Underfull \hbox (badness 10000) in paragraph at lines 311--312

 []


Underfull \hbox (badness 10000) in paragraph at lines 316--317

 []


Underfull \hbox (badness 10000) in paragraph at lines 318--319

 []


Underfull \hbox (badness 10000) in paragraph at lines 321--322

 []

[118]
Underfull \hbox (badness 10000) in paragraph at lines 329--330

 []


Underfull \hbox (badness 10000) in paragraph at lines 331--332

 []


Underfull \hbox (badness 10000) in paragraph at lines 333--334

 []

[119]
Overfull \hbox (0.80568pt too wide) in paragraph at lines 356--357
\OT1/cmr/m/n/12 All model con-fig-u-ra-tion (di-men-sions, lay-outs, etc) for B
ar-al-abaBob lies within
 []


Underfull \hbox (badness 10000) in paragraph at lines 356--357

 []

[120] [121]
Underfull \hbox (badness 10000) in paragraph at lines 379--380

 []

("C:\Program Files (x86)\MiKTeX 2.9\tex\latex\listings\lstlang1.sty"
File: lstlang1.sty 2015/06/04 1.6 listings language file
)
("C:\Program Files (x86)\MiKTeX 2.9\tex\latex\listings\lstlang1.sty"
File: lstlang1.sty 2015/06/04 1.6 listings language file
)
Package hyperref Info: bookmark level for unknown lstlisting defaults to 0 on i
nput line 381.

Overfull \hbox (82.34918pt too wide) in paragraph at lines 382--383
[][][][][][][][][][][][][][][][][][] 
 []


Underfull \hbox (badness 10000) in paragraph at lines 387--388

 []

) [122] (parts/part_six/chapters/chap_mechanical.tex
Chapter 26.

Underfull \hbox (badness 10000) in paragraph at lines 7--8

 []


Underfull \hbox (badness 10000) in paragraph at lines 9--10

 []


Underfull \hbox (badness 10000) in paragraph at lines 11--12

 []


Underfull \hbox (badness 10000) in paragraph at lines 13--14

 []


Underfull \hbox (badness 10000) in paragraph at lines 17--18

 []


Underfull \hbox (badness 10000) in paragraph at lines 19--20

 []


Underfull \hbox (badness 10000) in paragraph at lines 21--22

 []

[123

] [124]
Underfull \hbox (badness 10000) in paragraph at lines 28--29

 []


Underfull \hbox (badness 10000) in paragraph at lines 35--36

 []


Underfull \hbox (badness 10000) in paragraph at lines 37--38

 []


Underfull \hbox (badness 10000) in paragraph at lines 39--40

 []


Underfull \hbox (badness 10000) in paragraph at lines 41--42

 []


Underfull \hbox (badness 10000) in paragraph at lines 46--47

 []

)) [125] [126

]
Chapter 27.
<pdfs/TagInventory.pdf, id=1544, 597.432pt x 844.83629pt>
File: pdfs/TagInventory.pdf Graphic file (type pdf)

<use pdfs/TagInventory.pdf>
Package pdftex.def Info: pdfs/TagInventory.pdf used on input line 81.
(pdftex.def)             Requested size: 597.43054pt x 844.83423pt.
File: pdfs/TagInventory.pdf Graphic file (type pdf)
 <use pdfs/TagInventory.pdf>
Package pdftex.def Info: pdfs/TagInventory.pdf used on input line 81.
(pdftex.def)             Requested size: 597.43054pt x 844.83423pt.

<pdfs/TagInventory.pdf, id=1547, page=1, 597.432pt x 844.83629pt>
File: pdfs/TagInventory.pdf Graphic file (type pdf)

<use pdfs/TagInventory.pdf, page 1>
Package pdftex.def Info: pdfs/TagInventory.pdf, page1 used on input line 81.
(pdftex.def)             Requested size: 597.43054pt x 844.83423pt.
File: pdfs/TagInventory.pdf Graphic file (type pdf)
 <use pdfs/TagInventory.pdf, page 1>
Package pdftex.def Info: pdfs/TagInventory.pdf, page1 used on input line 81.
(pdftex.def)             Requested size: 562.71655pt x 795.74474pt.

Underfull \hbox (badness 10000) in paragraph at lines 80--81

 []

[127

]
File: pdfs/TagInventory.pdf Graphic file (type pdf)
 <use pdfs/TagInventory.pdf, page 1>
Package pdftex.def Info: pdfs/TagInventory.pdf, page1 used on input line 81.
(pdftex.def)             Requested size: 562.71655pt x 795.74474pt.
File: pdfs/TagInventory.pdf Graphic file (type pdf)
 <use pdfs/TagInventory.pdf, page 1>
Package pdftex.def Info: pdfs/TagInventory.pdf, page1 used on input line 81.
(pdftex.def)             Requested size: 562.71655pt x 795.74474pt.
File: pdfs/TagInventory.pdf Graphic file (type pdf)

<use pdfs/TagInventory.pdf, page 1>
Package pdftex.def Info: pdfs/TagInventory.pdf, page1 used on input line 81.
(pdftex.def)             Requested size: 562.71655pt x 795.74474pt.
 [128 <./pdfs/TagInventory.pdf>]
Chapter 28.

Underfull \hbox (badness 10000) in paragraph at lines 84--85

 []

[129

] [130

] (main.ind [131

] [132] [133] [134] [135] [136

])
Package atveryend Info: Empty hook `BeforeClearDocument' on input line 91.
Package atveryend Info: Empty hook `AfterLastShipout' on input line 91.
 (main.aux)
Package atveryend Info: Executing hook `AtVeryEndDocument' on input line 91.
Package atveryend Info: Executing hook `AtEndAfterFileList' on input line 91.
Package rerunfilecheck Info: File `main.out' has not changed.
(rerunfilecheck)             Checksum: C0A6E48A5630738E2D11E5A39B884F5F;9319.


LaTeX Warning: There were undefined references.

Package atveryend Info: Empty hook `AtVeryVeryEnd' on input line 91.
 ) 
Here is how much of TeX's memory you used:
 9046 strings out of 493673
 132208 string characters out of 3141513
 237685 words of memory out of 3000000
 11776 multiletter control sequences out of 15000+200000
 10457 words of font info for 37 fonts, out of 3000000 for 9000
 1025 hyphenation exceptions out of 8191
 37i,18n,51p,1222b,1255s stack positions out of 5000i,500n,10000p,200000b,50000s
pdfTeX warning (dest): name{http://www.lynxmotion.com/c-153-botboarduino.aspx
} has been referenced but does not exist, replaced by a fixed one

<C:/Program Files (x86)/MiKTeX 2.9/fonts/type1/public/amsfonts/cm/cmbx12.pfb><C
:/Program Files (x86)/MiKTeX 2.9/fonts/type1/public/amsfonts/cm/cmbxti10.pfb><C
:/Program Files (x86)/MiKTeX 2.9/fonts/type1/public/amsfonts/cm/cmitt10.pfb><C:
/Program Files (x86)/MiKTeX 2.9/fonts/type1/public/amsfonts/cm/cmmi12.pfb><C:/P
rogram Files (x86)/MiKTeX 2.9/fonts/type1/public/amsfonts/cm/cmr12.pfb><C:/Prog
ram Files (x86)/MiKTeX 2.9/fonts/type1/public/amsfonts/cm/cmr17.pfb><C:/Program
 Files (x86)/MiKTeX 2.9/fonts/type1/public/amsfonts/cm/cmr8.pfb><C:/Program Fil
es (x86)/MiKTeX 2.9/fonts/type1/public/amsfonts/cm/cmsy10.pfb><C:/Program Files
 (x86)/MiKTeX 2.9/fonts/type1/public/amsfonts/cm/cmti12.pfb><C:/Program Files (
x86)/MiKTeX 2.9/fonts/type1/public/amsfonts/cm/cmtt12.pfb>
Output written on main.pdf (151 pages, 18496269 bytes).
PDF statistics:
 2235 PDF objects out of 2487 (max. 8388607)
 353 named destinations out of 1000 (max. 500000)
 1468 words of extra memory for PDF output out of 10000 (max. 10000000)

